{"total": {"lines":{"total":127,"covered":7,"skipped":0,"pct":5.51},"statements":{"total":127,"covered":7,"skipped":0,"pct":5.51},"functions":{"total":3,"covered":1,"skipped":0,"pct":33.33},"branches":{"total":4,"covered":2,"skipped":0,"pct":50},"branchesTrue":{"total":0,"covered":0,"skipped":0,"pct":100}}
,"C:\\www\\tailwindcss-plugins\\packages\\tailwindcss-text-shadow\\release.config.cjs": {"lines":{"total":14,"covered":0,"skipped":0,"pct":0},"functions":{"total":1,"covered":0,"skipped":0,"pct":0},"statements":{"total":14,"covered":0,"skipped":0,"pct":0},"branches":{"total":1,"covered":0,"skipped":0,"pct":0}}
,"C:\\www\\tailwindcss-plugins\\packages\\tailwindcss-text-shadow\\src\\generateShadows.ts": {"lines":{"total":7,"covered":7,"skipped":0,"pct":100},"functions":{"total":1,"covered":1,"skipped":0,"pct":100},"statements":{"total":7,"covered":7,"skipped":0,"pct":100},"branches":{"total":2,"covered":2,"skipped":0,"pct":100}}
,"C:\\www\\tailwindcss-plugins\\packages\\tailwindcss-text-shadow\\src\\index.ts": {"lines":{"total":106,"covered":0,"skipped":0,"pct":0},"functions":{"total":1,"covered":0,"skipped":0,"pct":0},"statements":{"total":106,"covered":0,"skipped":0,"pct":0},"branches":{"total":1,"covered":0,"skipped":0,"pct":0}}
}
